Compiling the C compiler identification source file "CMakeCCompilerId.c" failed.
Compiler: /Library/Developer/CommandLineTools/usr/bin/cc 
Build flags: 
Id flags:  

The output was:
1
ld: library not found for -lSystem
clang: error: linker command failed with exit code 1 (use -v to see invocation)


Compiling the CXX compiler identification source file "CMakeCXXCompilerId.cpp" failed.
Compiler: /Library/Developer/CommandLineTools/usr/bin/c++ 
Build flags: 
Id flags:  

The output was:
1
ld: library not found for -lc++
clang: error: linker command failed with exit code 1 (use -v to see invocation)


Compiling the OBJC compiler identification source file "CMakeOBJCCompilerId.m" failed.
Compiler: /Library/Developer/CommandLineTools/usr/bin/cc 
Build flags: 
Id flags:  

The output was:
1
ld: library not found for -lSystem
clang: error: linker command failed with exit code 1 (use -v to see invocation)


Performing C SOURCE FILE Test HAVE_GCC_PREFERRED_STACK_BOUNDARY failed with the following output:
Change Dir: /Users/myronphan/cavestory/out/build/CMakeFiles/CMakeTmp

Run Build Command(s):/usr/bin/make -f Makefile cmTC_5d58a/fast && /Library/Developer/CommandLineTools/usr/bin/make  -f CMakeFiles/cmTC_5d58a.dir/build.make CMakeFiles/cmTC_5d58a.dir/build
Building C object CMakeFiles/cmTC_5d58a.dir/src.c.o
/Library/Developer/CommandLineTools/usr/bin/cc -DHAVE_GCC_PREFERRED_STACK_BOUNDARY  -idirafter "/Users/myronphan/cavestory/external/SDL2/src/video/khronos" -mpreferred-stack-boundary=2 -isysroot /Library/Developer/CommandLineTools/SDKs/MacOSX11.3.sdk -MD -MT CMakeFiles/cmTC_5d58a.dir/src.c.o -MF CMakeFiles/cmTC_5d58a.dir/src.c.o.d -o CMakeFiles/cmTC_5d58a.dir/src.c.o -c /Users/myronphan/cavestory/out/build/CMakeFiles/CMakeTmp/src.c
clang: error: unknown argument: '-mpreferred-stack-boundary=2'
make[1]: *** [CMakeFiles/cmTC_5d58a.dir/src.c.o] Error 1
make: *** [cmTC_5d58a/fast] Error 2


Source file was:
int x = 0; int main(int argc, char **argv) { return 0; }
Performing C SOURCE FILE Test HAVE_ALTIVEC_H_HDR failed with the following output:
Change Dir: /Users/myronphan/cavestory/out/build/CMakeFiles/CMakeTmp

Run Build Command(s):/usr/bin/make -f Makefile cmTC_886b6/fast && /Library/Developer/CommandLineTools/usr/bin/make  -f CMakeFiles/cmTC_886b6.dir/build.make CMakeFiles/cmTC_886b6.dir/build
Building C object CMakeFiles/cmTC_886b6.dir/src.c.o
/Library/Developer/CommandLineTools/usr/bin/cc -DHAVE_ALTIVEC_H_HDR  -idirafter "/Users/myronphan/cavestory/external/SDL2/src/video/khronos" -maltivec -isysroot /Library/Developer/CommandLineTools/SDKs/MacOSX11.3.sdk -MD -MT CMakeFiles/cmTC_886b6.dir/src.c.o -MF CMakeFiles/cmTC_886b6.dir/src.c.o.d -o CMakeFiles/cmTC_886b6.dir/src.c.o -c /Users/myronphan/cavestory/out/build/CMakeFiles/CMakeTmp/src.c
clang: warning: argument unused during compilation: '-maltivec' [-Wunused-command-line-argument]
In file included from /Users/myronphan/cavestory/out/build/CMakeFiles/CMakeTmp/src.c:2:
/Library/Developer/CommandLineTools/usr/lib/clang/12.0.5/include/altivec.h:13:2: error: "AltiVec support not enabled"
#error "AltiVec support not enabled"
 ^
/Library/Developer/CommandLineTools/usr/lib/clang/12.0.5/include/altivec.h:48:19: error: unknown type name 'vector'
static __inline__ vector signed char __ATTRS_o_ai vec_perm(
                  ^
/Library/Developer/CommandLineTools/usr/lib/clang/12.0.5/include/altivec.h:49:5: error: unknown type name 'vector'
    vector signed char __a, vector signed char __b, vector unsigned char __c);
    ^
/Library/Developer/CommandLineTools/usr/lib/clang/12.0.5/include/altivec.h:49:29: error: unknown type name 'vector'
    vector signed char __a, vector signed char __b, vector unsigned char __c);
                            ^
/Library/Developer/CommandLineTools/usr/lib/clang/12.0.5/include/altivec.h:49:53: error: unknown type name 'vector'
    vector signed char __a, vector signed char __b, vector unsigned char __c);
                                                    ^
/Library/Developer/CommandLineTools/usr/lib/clang/12.0.5/include/altivec.h:51:19: error: unknown type name 'vector'
static __inline__ vector unsigned char __ATTRS_o_ai
                  ^
/Library/Developer/CommandLineTools/usr/lib/clang/12.0.5/include/altivec.h:52:10: error: unknown type name 'vector'
vec_perm(vector unsigned char __a, vector unsigned char __b,
         ^
/Library/Developer/CommandLineTools/usr/lib/clang/12.0.5/include/altivec.h:52:36: error: unknown type name 'vector'
vec_perm(vector unsigned char __a, vector unsigned char __b,
                                   ^
/Library/Developer/CommandLineTools/usr/lib/clang/12.0.5/include/altivec.h:53:10: error: unknown type name 'vector'
         vector unsigned char __c);
         ^
/Library/Developer/CommandLineTools/usr/lib/clang/12.0.5/include/altivec.h:55:19: error: unknown type name 'vector'
static __inline__ vector bool char __ATTRS_o_ai
                  ^
/Library/Developer/CommandLineTools/usr/lib/clang/12.0.5/include/altivec.h:55:8: error: 'inline' can only appear on functions
static __inline__ vector bool char __ATTRS_o_ai
       ^
/Library/Developer/CommandLineTools/usr/lib/clang/12.0.5/include/altivec.h:55:30: error: expected ';' after top level declarator
static __inline__ vector bool char __ATTRS_o_ai
                             ^
/Library/Developer/CommandLineTools/usr/lib/clang/12.0.5/include/altivec.h:56:10: error: unknown type name 'vector'
vec_perm(vector bool char __a, vector bool char __b, vector unsigned char __c);
         ^
/Library/Developer/CommandLineTools/usr/lib/clang/12.0.5/include/altivec.h:56:22: error: expected ')'
vec_perm(vector bool char __a, vector bool char __b, vector unsigned char __c);
                     ^
/Library/Developer/CommandLineTools/usr/lib/clang/12.0.5/include/altivec.h:56:9: note: to match this '('
vec_perm(vector bool char __a, vector bool char __b, vector unsigned char __c);
        ^
/Library/Developer/CommandLineTools/usr/lib/clang/12.0.5/include/altivec.h:58:19: error: unknown type name 'vector'
static __inline__ vector short __ATTRS_o_ai vec_perm(vector signed short __a,
                  ^
/Library/Developer/CommandLineTools/usr/lib/clang/12.0.5/include/altivec.h:58:54: error: unknown type name 'vector'
static __inline__ vector short __ATTRS_o_ai vec_perm(vector signed short __a,
                                                     ^
/Library/Developer/CommandLineTools/usr/lib/clang/12.0.5/include/altivec.h:59:54: error: unknown type name 'vector'
                                                     vector signed short __b,
                                                     ^
/Library/Developer/CommandLineTools/usr/lib/clang/12.0.5/include/altivec.h:60:54: error: unknown type name 'vector'
                                                     vector unsigned char __c);
                                                     ^
/Library/Developer/CommandLineTools/usr/lib/clang/12.0.5/include/altivec.h:62:19: error: unknown type name 'vector'
static __inline__ vector unsigned short __ATTRS_o_ai
                  ^
fatal error: too many errors emitted, stopping now [-ferror-limit=]
20 errors generated.
make[1]: *** [CMakeFiles/cmTC_886b6.dir/src.c.o] Error 1
make: *** [cmTC_886b6/fast] Error 2


Source file was:

          #include <altivec.h>
          vector unsigned int vzero() {
              return vec_splat_u32(0);
          }
          int main(int argc, char **argv) { return 0; }
Performing C SOURCE FILE Test HAVE_ALTIVEC failed with the following output:
Change Dir: /Users/myronphan/cavestory/out/build/CMakeFiles/CMakeTmp

Run Build Command(s):/usr/bin/make -f Makefile cmTC_e5ad6/fast && /Library/Developer/CommandLineTools/usr/bin/make  -f CMakeFiles/cmTC_e5ad6.dir/build.make CMakeFiles/cmTC_e5ad6.dir/build
Building C object CMakeFiles/cmTC_e5ad6.dir/src.c.o
/Library/Developer/CommandLineTools/usr/bin/cc -DHAVE_ALTIVEC  -idirafter "/Users/myronphan/cavestory/external/SDL2/src/video/khronos" -maltivec -isysroot /Library/Developer/CommandLineTools/SDKs/MacOSX11.3.sdk -MD -MT CMakeFiles/cmTC_e5ad6.dir/src.c.o -MF CMakeFiles/cmTC_e5ad6.dir/src.c.o.d -o CMakeFiles/cmTC_e5ad6.dir/src.c.o -c /Users/myronphan/cavestory/out/build/CMakeFiles/CMakeTmp/src.c
clang: warning: argument unused during compilation: '-maltivec' [-Wunused-command-line-argument]
/Users/myronphan/cavestory/out/build/CMakeFiles/CMakeTmp/src.c:2:11: error: unknown type name 'vector'
          vector unsigned int vzero() {
          ^
/Users/myronphan/cavestory/out/build/CMakeFiles/CMakeTmp/src.c:3:22: error: implicit declaration of function 'vec_splat_u32' is invalid in C99 [-Werror,-Wimplicit-function-declaration]
              return vec_splat_u32(0);
                     ^
2 errors generated.
make[1]: *** [CMakeFiles/cmTC_e5ad6.dir/src.c.o] Error 1
make: *** [cmTC_e5ad6/fast] Error 2


Source file was:

          vector unsigned int vzero() {
              return vec_splat_u32(0);
          }
          int main(int argc, char **argv) { return 0; }
Determining if the include file malloc.h exists failed with the following output:
Change Dir: /Users/myronphan/cavestory/out/build/CMakeFiles/CMakeTmp

Run Build Command(s):/usr/bin/make -f Makefile cmTC_869b8/fast && /Library/Developer/CommandLineTools/usr/bin/make  -f CMakeFiles/cmTC_869b8.dir/build.make CMakeFiles/cmTC_869b8.dir/build
Building C object CMakeFiles/cmTC_869b8.dir/CheckIncludeFile.c.o
/Library/Developer/CommandLineTools/usr/bin/cc   -idirafter "/Users/myronphan/cavestory/external/SDL2/src/video/khronos"  -isysroot /Library/Developer/CommandLineTools/SDKs/MacOSX11.3.sdk -MD -MT CMakeFiles/cmTC_869b8.dir/CheckIncludeFile.c.o -MF CMakeFiles/cmTC_869b8.dir/CheckIncludeFile.c.o.d -o CMakeFiles/cmTC_869b8.dir/CheckIncludeFile.c.o -c /Users/myronphan/cavestory/out/build/CMakeFiles/CMakeTmp/CheckIncludeFile.c
/Users/myronphan/cavestory/out/build/CMakeFiles/CMakeTmp/CheckIncludeFile.c:1:10: fatal error: 'malloc.h' file not found
#include <malloc.h>
         ^~~~~~~~~~
1 error generated.
make[1]: *** [CMakeFiles/cmTC_869b8.dir/CheckIncludeFile.c.o] Error 1
make: *** [cmTC_869b8/fast] Error 2



Determining if the _strrev exist failed with the following output:
Change Dir: /Users/myronphan/cavestory/out/build/CMakeFiles/CMakeTmp

Run Build Command(s):/usr/bin/make -f Makefile cmTC_e0ea2/fast && /Library/Developer/CommandLineTools/usr/bin/make  -f CMakeFiles/cmTC_e0ea2.dir/build.make CMakeFiles/cmTC_e0ea2.dir/build
Building C object CMakeFiles/cmTC_e0ea2.dir/CheckSymbolExists.c.o
/Library/Developer/CommandLineTools/usr/bin/cc   -idirafter "/Users/myronphan/cavestory/external/SDL2/src/video/khronos"  -isysroot /Library/Developer/CommandLineTools/SDKs/MacOSX11.3.sdk -MD -MT CMakeFiles/cmTC_e0ea2.dir/CheckSymbolExists.c.o -MF CMakeFiles/cmTC_e0ea2.dir/CheckSymbolExists.c.o.d -o CMakeFiles/cmTC_e0ea2.dir/CheckSymbolExists.c.o -c /Users/myronphan/cavestory/out/build/CMakeFiles/CMakeTmp/CheckSymbolExists.c
/Users/myronphan/cavestory/out/build/CMakeFiles/CMakeTmp/CheckSymbolExists.c:14:19: error: use of undeclared identifier '_strrev'
  return ((int*)(&_strrev))[argc];
                  ^
1 error generated.
make[1]: *** [CMakeFiles/cmTC_e0ea2.dir/CheckSymbolExists.c.o] Error 1
make: *** [cmTC_e0ea2/fast] Error 2


File /Users/myronphan/cavestory/out/build/CMakeFiles/CMakeTmp/CheckSymbolExists.c:
/* */
#include <stddef.h>
#include <stdarg.h>
#include <stdlib.h>
#include <string.h>
#include <stdio.h>
#include <wchar.h>
#include <float.h>

int main(int argc, char** argv)
{
  (void)argv;
#ifndef _strrev
  return ((int*)(&_strrev))[argc];
#else
  (void)argc;
  return 0;
#endif
}
Determining if the _strupr exist failed with the following output:
Change Dir: /Users/myronphan/cavestory/out/build/CMakeFiles/CMakeTmp

Run Build Command(s):/usr/bin/make -f Makefile cmTC_16cef/fast && /Library/Developer/CommandLineTools/usr/bin/make  -f CMakeFiles/cmTC_16cef.dir/build.make CMakeFiles/cmTC_16cef.dir/build
Building C object CMakeFiles/cmTC_16cef.dir/CheckSymbolExists.c.o
/Library/Developer/CommandLineTools/usr/bin/cc   -idirafter "/Users/myronphan/cavestory/external/SDL2/src/video/khronos"  -isysroot /Library/Developer/CommandLineTools/SDKs/MacOSX11.3.sdk -MD -MT CMakeFiles/cmTC_16cef.dir/CheckSymbolExists.c.o -MF CMakeFiles/cmTC_16cef.dir/CheckSymbolExists.c.o.d -o CMakeFiles/cmTC_16cef.dir/CheckSymbolExists.c.o -c /Users/myronphan/cavestory/out/build/CMakeFiles/CMakeTmp/CheckSymbolExists.c
/Users/myronphan/cavestory/out/build/CMakeFiles/CMakeTmp/CheckSymbolExists.c:14:19: error: use of undeclared identifier '_strupr'
  return ((int*)(&_strupr))[argc];
                  ^
1 error generated.
make[1]: *** [CMakeFiles/cmTC_16cef.dir/CheckSymbolExists.c.o] Error 1
make: *** [cmTC_16cef/fast] Error 2


File /Users/myronphan/cavestory/out/build/CMakeFiles/CMakeTmp/CheckSymbolExists.c:
/* */
#include <stddef.h>
#include <stdarg.h>
#include <stdlib.h>
#include <string.h>
#include <stdio.h>
#include <wchar.h>
#include <float.h>

int main(int argc, char** argv)
{
  (void)argv;
#ifndef _strupr
  return ((int*)(&_strupr))[argc];
#else
  (void)argc;
  return 0;
#endif
}
Determining if the _strlwr exist failed with the following output:
Change Dir: /Users/myronphan/cavestory/out/build/CMakeFiles/CMakeTmp

Run Build Command(s):/usr/bin/make -f Makefile cmTC_24509/fast && /Library/Developer/CommandLineTools/usr/bin/make  -f CMakeFiles/cmTC_24509.dir/build.make CMakeFiles/cmTC_24509.dir/build
Building C object CMakeFiles/cmTC_24509.dir/CheckSymbolExists.c.o
/Library/Developer/CommandLineTools/usr/bin/cc   -idirafter "/Users/myronphan/cavestory/external/SDL2/src/video/khronos"  -isysroot /Library/Developer/CommandLineTools/SDKs/MacOSX11.3.sdk -MD -MT CMakeFiles/cmTC_24509.dir/CheckSymbolExists.c.o -MF CMakeFiles/cmTC_24509.dir/CheckSymbolExists.c.o.d -o CMakeFiles/cmTC_24509.dir/CheckSymbolExists.c.o -c /Users/myronphan/cavestory/out/build/CMakeFiles/CMakeTmp/CheckSymbolExists.c
/Users/myronphan/cavestory/out/build/CMakeFiles/CMakeTmp/CheckSymbolExists.c:14:19: error: use of undeclared identifier '_strlwr'
  return ((int*)(&_strlwr))[argc];
                  ^
1 error generated.
make[1]: *** [CMakeFiles/cmTC_24509.dir/CheckSymbolExists.c.o] Error 1
make: *** [cmTC_24509/fast] Error 2


File /Users/myronphan/cavestory/out/build/CMakeFiles/CMakeTmp/CheckSymbolExists.c:
/* */
#include <stddef.h>
#include <stdarg.h>
#include <stdlib.h>
#include <string.h>
#include <stdio.h>
#include <wchar.h>
#include <float.h>

int main(int argc, char** argv)
{
  (void)argv;
#ifndef _strlwr
  return ((int*)(&_strlwr))[argc];
#else
  (void)argc;
  return 0;
#endif
}
Determining if the itoa exist failed with the following output:
Change Dir: /Users/myronphan/cavestory/out/build/CMakeFiles/CMakeTmp

Run Build Command(s):/usr/bin/make -f Makefile cmTC_7e6a5/fast && /Library/Developer/CommandLineTools/usr/bin/make  -f CMakeFiles/cmTC_7e6a5.dir/build.make CMakeFiles/cmTC_7e6a5.dir/build
Building C object CMakeFiles/cmTC_7e6a5.dir/CheckSymbolExists.c.o
/Library/Developer/CommandLineTools/usr/bin/cc   -idirafter "/Users/myronphan/cavestory/external/SDL2/src/video/khronos"  -isysroot /Library/Developer/CommandLineTools/SDKs/MacOSX11.3.sdk -MD -MT CMakeFiles/cmTC_7e6a5.dir/CheckSymbolExists.c.o -MF CMakeFiles/cmTC_7e6a5.dir/CheckSymbolExists.c.o.d -o CMakeFiles/cmTC_7e6a5.dir/CheckSymbolExists.c.o -c /Users/myronphan/cavestory/out/build/CMakeFiles/CMakeTmp/CheckSymbolExists.c
/Users/myronphan/cavestory/out/build/CMakeFiles/CMakeTmp/CheckSymbolExists.c:14:19: error: use of undeclared identifier 'itoa'
  return ((int*)(&itoa))[argc];
                  ^
1 error generated.
make[1]: *** [CMakeFiles/cmTC_7e6a5.dir/CheckSymbolExists.c.o] Error 1
make: *** [cmTC_7e6a5/fast] Error 2


File /Users/myronphan/cavestory/out/build/CMakeFiles/CMakeTmp/CheckSymbolExists.c:
/* */
#include <stddef.h>
#include <stdarg.h>
#include <stdlib.h>
#include <string.h>
#include <stdio.h>
#include <wchar.h>
#include <float.h>

int main(int argc, char** argv)
{
  (void)argv;
#ifndef itoa
  return ((int*)(&itoa))[argc];
#else
  (void)argc;
  return 0;
#endif
}
Determining if the _ltoa exist failed with the following output:
Change Dir: /Users/myronphan/cavestory/out/build/CMakeFiles/CMakeTmp

Run Build Command(s):/usr/bin/make -f Makefile cmTC_a1ebc/fast && /Library/Developer/CommandLineTools/usr/bin/make  -f CMakeFiles/cmTC_a1ebc.dir/build.make CMakeFiles/cmTC_a1ebc.dir/build
Building C object CMakeFiles/cmTC_a1ebc.dir/CheckSymbolExists.c.o
/Library/Developer/CommandLineTools/usr/bin/cc   -idirafter "/Users/myronphan/cavestory/external/SDL2/src/video/khronos"  -isysroot /Library/Developer/CommandLineTools/SDKs/MacOSX11.3.sdk -MD -MT CMakeFiles/cmTC_a1ebc.dir/CheckSymbolExists.c.o -MF CMakeFiles/cmTC_a1ebc.dir/CheckSymbolExists.c.o.d -o CMakeFiles/cmTC_a1ebc.dir/CheckSymbolExists.c.o -c /Users/myronphan/cavestory/out/build/CMakeFiles/CMakeTmp/CheckSymbolExists.c
/Users/myronphan/cavestory/out/build/CMakeFiles/CMakeTmp/CheckSymbolExists.c:14:19: error: use of undeclared identifier '_ltoa'
  return ((int*)(&_ltoa))[argc];
                  ^
1 error generated.
make[1]: *** [CMakeFiles/cmTC_a1ebc.dir/CheckSymbolExists.c.o] Error 1
make: *** [cmTC_a1ebc/fast] Error 2


File /Users/myronphan/cavestory/out/build/CMakeFiles/CMakeTmp/CheckSymbolExists.c:
/* */
#include <stddef.h>
#include <stdarg.h>
#include <stdlib.h>
#include <string.h>
#include <stdio.h>
#include <wchar.h>
#include <float.h>

int main(int argc, char** argv)
{
  (void)argv;
#ifndef _ltoa
  return ((int*)(&_ltoa))[argc];
#else
  (void)argc;
  return 0;
#endif
}
Determining if the _uitoa exist failed with the following output:
Change Dir: /Users/myronphan/cavestory/out/build/CMakeFiles/CMakeTmp

Run Build Command(s):/usr/bin/make -f Makefile cmTC_85225/fast && /Library/Developer/CommandLineTools/usr/bin/make  -f CMakeFiles/cmTC_85225.dir/build.make CMakeFiles/cmTC_85225.dir/build
Building C object CMakeFiles/cmTC_85225.dir/CheckSymbolExists.c.o
/Library/Developer/CommandLineTools/usr/bin/cc   -idirafter "/Users/myronphan/cavestory/external/SDL2/src/video/khronos"  -isysroot /Library/Developer/CommandLineTools/SDKs/MacOSX11.3.sdk -MD -MT CMakeFiles/cmTC_85225.dir/CheckSymbolExists.c.o -MF CMakeFiles/cmTC_85225.dir/CheckSymbolExists.c.o.d -o CMakeFiles/cmTC_85225.dir/CheckSymbolExists.c.o -c /Users/myronphan/cavestory/out/build/CMakeFiles/CMakeTmp/CheckSymbolExists.c
/Users/myronphan/cavestory/out/build/CMakeFiles/CMakeTmp/CheckSymbolExists.c:14:19: error: use of undeclared identifier '_uitoa'
  return ((int*)(&_uitoa))[argc];
                  ^
1 error generated.
make[1]: *** [CMakeFiles/cmTC_85225.dir/CheckSymbolExists.c.o] Error 1
make: *** [cmTC_85225/fast] Error 2


File /Users/myronphan/cavestory/out/build/CMakeFiles/CMakeTmp/CheckSymbolExists.c:
/* */
#include <stddef.h>
#include <stdarg.h>
#include <stdlib.h>
#include <string.h>
#include <stdio.h>
#include <wchar.h>
#include <float.h>

int main(int argc, char** argv)
{
  (void)argv;
#ifndef _uitoa
  return ((int*)(&_uitoa))[argc];
#else
  (void)argc;
  return 0;
#endif
}
Determining if the _ultoa exist failed with the following output:
Change Dir: /Users/myronphan/cavestory/out/build/CMakeFiles/CMakeTmp

Run Build Command(s):/usr/bin/make -f Makefile cmTC_9e3e3/fast && /Library/Developer/CommandLineTools/usr/bin/make  -f CMakeFiles/cmTC_9e3e3.dir/build.make CMakeFiles/cmTC_9e3e3.dir/build
Building C object CMakeFiles/cmTC_9e3e3.dir/CheckSymbolExists.c.o
/Library/Developer/CommandLineTools/usr/bin/cc   -idirafter "/Users/myronphan/cavestory/external/SDL2/src/video/khronos"  -isysroot /Library/Developer/CommandLineTools/SDKs/MacOSX11.3.sdk -MD -MT CMakeFiles/cmTC_9e3e3.dir/CheckSymbolExists.c.o -MF CMakeFiles/cmTC_9e3e3.dir/CheckSymbolExists.c.o.d -o CMakeFiles/cmTC_9e3e3.dir/CheckSymbolExists.c.o -c /Users/myronphan/cavestory/out/build/CMakeFiles/CMakeTmp/CheckSymbolExists.c
/Users/myronphan/cavestory/out/build/CMakeFiles/CMakeTmp/CheckSymbolExists.c:14:19: error: use of undeclared identifier '_ultoa'
  return ((int*)(&_ultoa))[argc];
                  ^
1 error generated.
make[1]: *** [CMakeFiles/cmTC_9e3e3.dir/CheckSymbolExists.c.o] Error 1
make: *** [cmTC_9e3e3/fast] Error 2


File /Users/myronphan/cavestory/out/build/CMakeFiles/CMakeTmp/CheckSymbolExists.c:
/* */
#include <stddef.h>
#include <stdarg.h>
#include <stdlib.h>
#include <string.h>
#include <stdio.h>
#include <wchar.h>
#include <float.h>

int main(int argc, char** argv)
{
  (void)argv;
#ifndef _ultoa
  return ((int*)(&_ultoa))[argc];
#else
  (void)argc;
  return 0;
#endif
}
Determining if the _i64toa exist failed with the following output:
Change Dir: /Users/myronphan/cavestory/out/build/CMakeFiles/CMakeTmp

Run Build Command(s):/usr/bin/make -f Makefile cmTC_13338/fast && /Library/Developer/CommandLineTools/usr/bin/make  -f CMakeFiles/cmTC_13338.dir/build.make CMakeFiles/cmTC_13338.dir/build
Building C object CMakeFiles/cmTC_13338.dir/CheckSymbolExists.c.o
/Library/Developer/CommandLineTools/usr/bin/cc   -idirafter "/Users/myronphan/cavestory/external/SDL2/src/video/khronos"  -isysroot /Library/Developer/CommandLineTools/SDKs/MacOSX11.3.sdk -MD -MT CMakeFiles/cmTC_13338.dir/CheckSymbolExists.c.o -MF CMakeFiles/cmTC_13338.dir/CheckSymbolExists.c.o.d -o CMakeFiles/cmTC_13338.dir/CheckSymbolExists.c.o -c /Users/myronphan/cavestory/out/build/CMakeFiles/CMakeTmp/CheckSymbolExists.c
/Users/myronphan/cavestory/out/build/CMakeFiles/CMakeTmp/CheckSymbolExists.c:14:19: error: use of undeclared identifier '_i64toa'
  return ((int*)(&_i64toa))[argc];
                  ^
1 error generated.
make[1]: *** [CMakeFiles/cmTC_13338.dir/CheckSymbolExists.c.o] Error 1
make: *** [cmTC_13338/fast] Error 2


File /Users/myronphan/cavestory/out/build/CMakeFiles/CMakeTmp/CheckSymbolExists.c:
/* */
#include <stddef.h>
#include <stdarg.h>
#include <stdlib.h>
#include <string.h>
#include <stdio.h>
#include <wchar.h>
#include <float.h>

int main(int argc, char** argv)
{
  (void)argv;
#ifndef _i64toa
  return ((int*)(&_i64toa))[argc];
#else
  (void)argc;
  return 0;
#endif
}
Determining if the _ui64toa exist failed with the following output:
Change Dir: /Users/myronphan/cavestory/out/build/CMakeFiles/CMakeTmp

Run Build Command(s):/usr/bin/make -f Makefile cmTC_5b5a6/fast && /Library/Developer/CommandLineTools/usr/bin/make  -f CMakeFiles/cmTC_5b5a6.dir/build.make CMakeFiles/cmTC_5b5a6.dir/build
Building C object CMakeFiles/cmTC_5b5a6.dir/CheckSymbolExists.c.o
/Library/Developer/CommandLineTools/usr/bin/cc   -idirafter "/Users/myronphan/cavestory/external/SDL2/src/video/khronos"  -isysroot /Library/Developer/CommandLineTools/SDKs/MacOSX11.3.sdk -MD -MT CMakeFiles/cmTC_5b5a6.dir/CheckSymbolExists.c.o -MF CMakeFiles/cmTC_5b5a6.dir/CheckSymbolExists.c.o.d -o CMakeFiles/cmTC_5b5a6.dir/CheckSymbolExists.c.o -c /Users/myronphan/cavestory/out/build/CMakeFiles/CMakeTmp/CheckSymbolExists.c
/Users/myronphan/cavestory/out/build/CMakeFiles/CMakeTmp/CheckSymbolExists.c:14:19: error: use of undeclared identifier '_ui64toa'
  return ((int*)(&_ui64toa))[argc];
                  ^
1 error generated.
make[1]: *** [CMakeFiles/cmTC_5b5a6.dir/CheckSymbolExists.c.o] Error 1
make: *** [cmTC_5b5a6/fast] Error 2


File /Users/myronphan/cavestory/out/build/CMakeFiles/CMakeTmp/CheckSymbolExists.c:
/* */
#include <stddef.h>
#include <stdarg.h>
#include <stdlib.h>
#include <string.h>
#include <stdio.h>
#include <wchar.h>
#include <float.h>

int main(int argc, char** argv)
{
  (void)argv;
#ifndef _ui64toa
  return ((int*)(&_ui64toa))[argc];
#else
  (void)argc;
  return 0;
#endif
}
Determining if the _stricmp exist failed with the following output:
Change Dir: /Users/myronphan/cavestory/out/build/CMakeFiles/CMakeTmp

Run Build Command(s):/usr/bin/make -f Makefile cmTC_6d5fd/fast && /Library/Developer/CommandLineTools/usr/bin/make  -f CMakeFiles/cmTC_6d5fd.dir/build.make CMakeFiles/cmTC_6d5fd.dir/build
Building C object CMakeFiles/cmTC_6d5fd.dir/CheckSymbolExists.c.o
/Library/Developer/CommandLineTools/usr/bin/cc   -idirafter "/Users/myronphan/cavestory/external/SDL2/src/video/khronos"  -isysroot /Library/Developer/CommandLineTools/SDKs/MacOSX11.3.sdk -MD -MT CMakeFiles/cmTC_6d5fd.dir/CheckSymbolExists.c.o -MF CMakeFiles/cmTC_6d5fd.dir/CheckSymbolExists.c.o.d -o CMakeFiles/cmTC_6d5fd.dir/CheckSymbolExists.c.o -c /Users/myronphan/cavestory/out/build/CMakeFiles/CMakeTmp/CheckSymbolExists.c
/Users/myronphan/cavestory/out/build/CMakeFiles/CMakeTmp/CheckSymbolExists.c:14:19: error: use of undeclared identifier '_stricmp'
  return ((int*)(&_stricmp))[argc];
                  ^
1 error generated.
make[1]: *** [CMakeFiles/cmTC_6d5fd.dir/CheckSymbolExists.c.o] Error 1
make: *** [cmTC_6d5fd/fast] Error 2


File /Users/myronphan/cavestory/out/build/CMakeFiles/CMakeTmp/CheckSymbolExists.c:
/* */
#include <stddef.h>
#include <stdarg.h>
#include <stdlib.h>
#include <string.h>
#include <stdio.h>
#include <wchar.h>
#include <float.h>

int main(int argc, char** argv)
{
  (void)argv;
#ifndef _stricmp
  return ((int*)(&_stricmp))[argc];
#else
  (void)argc;
  return 0;
#endif
}
Determining if the _strnicmp exist failed with the following output:
Change Dir: /Users/myronphan/cavestory/out/build/CMakeFiles/CMakeTmp

Run Build Command(s):/usr/bin/make -f Makefile cmTC_83080/fast && /Library/Developer/CommandLineTools/usr/bin/make  -f CMakeFiles/cmTC_83080.dir/build.make CMakeFiles/cmTC_83080.dir/build
Building C object CMakeFiles/cmTC_83080.dir/CheckSymbolExists.c.o
/Library/Developer/CommandLineTools/usr/bin/cc   -idirafter "/Users/myronphan/cavestory/external/SDL2/src/video/khronos"  -isysroot /Library/Developer/CommandLineTools/SDKs/MacOSX11.3.sdk -MD -MT CMakeFiles/cmTC_83080.dir/CheckSymbolExists.c.o -MF CMakeFiles/cmTC_83080.dir/CheckSymbolExists.c.o.d -o CMakeFiles/cmTC_83080.dir/CheckSymbolExists.c.o -c /Users/myronphan/cavestory/out/build/CMakeFiles/CMakeTmp/CheckSymbolExists.c
/Users/myronphan/cavestory/out/build/CMakeFiles/CMakeTmp/CheckSymbolExists.c:14:19: error: use of undeclared identifier '_strnicmp'; did you mean 'strncmp'?
  return ((int*)(&_strnicmp))[argc];
                  ^~~~~~~~~
                  strncmp
/Library/Developer/CommandLineTools/SDKs/MacOSX11.3.sdk/usr/include/string.h:84:6: note: 'strncmp' declared here
int      strncmp(const char *__s1, const char *__s2, size_t __n);
         ^
1 error generated.
make[1]: *** [CMakeFiles/cmTC_83080.dir/CheckSymbolExists.c.o] Error 1
make: *** [cmTC_83080/fast] Error 2


File /Users/myronphan/cavestory/out/build/CMakeFiles/CMakeTmp/CheckSymbolExists.c:
/* */
#include <stddef.h>
#include <stdarg.h>
#include <stdlib.h>
#include <string.h>
#include <stdio.h>
#include <wchar.h>
#include <float.h>

int main(int argc, char** argv)
{
  (void)argv;
#ifndef _strnicmp
  return ((int*)(&_strnicmp))[argc];
#else
  (void)argc;
  return 0;
#endif
}
Determining if the _wcsdup exist failed with the following output:
Change Dir: /Users/myronphan/cavestory/out/build/CMakeFiles/CMakeTmp

Run Build Command(s):/usr/bin/make -f Makefile cmTC_7ce35/fast && /Library/Developer/CommandLineTools/usr/bin/make  -f CMakeFiles/cmTC_7ce35.dir/build.make CMakeFiles/cmTC_7ce35.dir/build
Building C object CMakeFiles/cmTC_7ce35.dir/CheckSymbolExists.c.o
/Library/Developer/CommandLineTools/usr/bin/cc   -idirafter "/Users/myronphan/cavestory/external/SDL2/src/video/khronos"  -isysroot /Library/Developer/CommandLineTools/SDKs/MacOSX11.3.sdk -MD -MT CMakeFiles/cmTC_7ce35.dir/CheckSymbolExists.c.o -MF CMakeFiles/cmTC_7ce35.dir/CheckSymbolExists.c.o.d -o CMakeFiles/cmTC_7ce35.dir/CheckSymbolExists.c.o -c /Users/myronphan/cavestory/out/build/CMakeFiles/CMakeTmp/CheckSymbolExists.c
/Users/myronphan/cavestory/out/build/CMakeFiles/CMakeTmp/CheckSymbolExists.c:14:19: error: use of undeclared identifier '_wcsdup'; did you mean 'wcsdup'?
  return ((int*)(&_wcsdup))[argc];
                  ^~~~~~~
                  wcsdup
/Library/Developer/CommandLineTools/SDKs/MacOSX11.3.sdk/usr/include/wchar.h:199:10: note: 'wcsdup' declared here
wchar_t *wcsdup(const wchar_t *) __OSX_AVAILABLE_STARTING(__MAC_10_7, __IPHONE_4_3);
         ^
1 error generated.
make[1]: *** [CMakeFiles/cmTC_7ce35.dir/CheckSymbolExists.c.o] Error 1
make: *** [cmTC_7ce35/fast] Error 2


File /Users/myronphan/cavestory/out/build/CMakeFiles/CMakeTmp/CheckSymbolExists.c:
/* */
#include <stddef.h>
#include <stdarg.h>
#include <stdlib.h>
#include <string.h>
#include <stdio.h>
#include <wchar.h>
#include <float.h>

int main(int argc, char** argv)
{
  (void)argv;
#ifndef _wcsdup
  return ((int*)(&_wcsdup))[argc];
#else
  (void)argc;
  return 0;
#endif
}
Determining if the _wcsicmp exist failed with the following output:
Change Dir: /Users/myronphan/cavestory/out/build/CMakeFiles/CMakeTmp

Run Build Command(s):/usr/bin/make -f Makefile cmTC_0e51f/fast && /Library/Developer/CommandLineTools/usr/bin/make  -f CMakeFiles/cmTC_0e51f.dir/build.make CMakeFiles/cmTC_0e51f.dir/build
Building C object CMakeFiles/cmTC_0e51f.dir/CheckSymbolExists.c.o
/Library/Developer/CommandLineTools/usr/bin/cc   -idirafter "/Users/myronphan/cavestory/external/SDL2/src/video/khronos"  -isysroot /Library/Developer/CommandLineTools/SDKs/MacOSX11.3.sdk -MD -MT CMakeFiles/cmTC_0e51f.dir/CheckSymbolExists.c.o -MF CMakeFiles/cmTC_0e51f.dir/CheckSymbolExists.c.o.d -o CMakeFiles/cmTC_0e51f.dir/CheckSymbolExists.c.o -c /Users/myronphan/cavestory/out/build/CMakeFiles/CMakeTmp/CheckSymbolExists.c
/Users/myronphan/cavestory/out/build/CMakeFiles/CMakeTmp/CheckSymbolExists.c:14:19: error: use of undeclared identifier '_wcsicmp'
  return ((int*)(&_wcsicmp))[argc];
                  ^
1 error generated.
make[1]: *** [CMakeFiles/cmTC_0e51f.dir/CheckSymbolExists.c.o] Error 1
make: *** [cmTC_0e51f/fast] Error 2


File /Users/myronphan/cavestory/out/build/CMakeFiles/CMakeTmp/CheckSymbolExists.c:
/* */
#include <stddef.h>
#include <stdarg.h>
#include <stdlib.h>
#include <string.h>
#include <stdio.h>
#include <wchar.h>
#include <float.h>

int main(int argc, char** argv)
{
  (void)argv;
#ifndef _wcsicmp
  return ((int*)(&_wcsicmp))[argc];
#else
  (void)argc;
  return 0;
#endif
}
Determining if the _wcsnicmp exist failed with the following output:
Change Dir: /Users/myronphan/cavestory/out/build/CMakeFiles/CMakeTmp

Run Build Command(s):/usr/bin/make -f Makefile cmTC_0b548/fast && /Library/Developer/CommandLineTools/usr/bin/make  -f CMakeFiles/cmTC_0b548.dir/build.make CMakeFiles/cmTC_0b548.dir/build
Building C object CMakeFiles/cmTC_0b548.dir/CheckSymbolExists.c.o
/Library/Developer/CommandLineTools/usr/bin/cc   -idirafter "/Users/myronphan/cavestory/external/SDL2/src/video/khronos"  -isysroot /Library/Developer/CommandLineTools/SDKs/MacOSX11.3.sdk -MD -MT CMakeFiles/cmTC_0b548.dir/CheckSymbolExists.c.o -MF CMakeFiles/cmTC_0b548.dir/CheckSymbolExists.c.o.d -o CMakeFiles/cmTC_0b548.dir/CheckSymbolExists.c.o -c /Users/myronphan/cavestory/out/build/CMakeFiles/CMakeTmp/CheckSymbolExists.c
/Users/myronphan/cavestory/out/build/CMakeFiles/CMakeTmp/CheckSymbolExists.c:14:19: error: use of undeclared identifier '_wcsnicmp'; did you mean 'wcsncmp'?
  return ((int*)(&_wcsnicmp))[argc];
                  ^~~~~~~~~
                  wcsncmp
/Library/Developer/CommandLineTools/SDKs/MacOSX11.3.sdk/usr/include/wchar.h:134:5: note: 'wcsncmp' declared here
int     wcsncmp(const wchar_t *, const wchar_t *, size_t);
        ^
1 error generated.
make[1]: *** [CMakeFiles/cmTC_0b548.dir/CheckSymbolExists.c.o] Error 1
make: *** [cmTC_0b548/fast] Error 2


File /Users/myronphan/cavestory/out/build/CMakeFiles/CMakeTmp/CheckSymbolExists.c:
/* */
#include <stddef.h>
#include <stdarg.h>
#include <stdlib.h>
#include <string.h>
#include <stdio.h>
#include <wchar.h>
#include <float.h>

int main(int argc, char** argv)
{
  (void)argv;
#ifndef _wcsnicmp
  return ((int*)(&_wcsnicmp))[argc];
#else
  (void)argc;
  return 0;
#endif
}
Determining if the fopen64 exist failed with the following output:
Change Dir: /Users/myronphan/cavestory/out/build/CMakeFiles/CMakeTmp

Run Build Command(s):/usr/bin/make -f Makefile cmTC_4e462/fast && /Library/Developer/CommandLineTools/usr/bin/make  -f CMakeFiles/cmTC_4e462.dir/build.make CMakeFiles/cmTC_4e462.dir/build
Building C object CMakeFiles/cmTC_4e462.dir/CheckSymbolExists.c.o
/Library/Developer/CommandLineTools/usr/bin/cc   -idirafter "/Users/myronphan/cavestory/external/SDL2/src/video/khronos"  -isysroot /Library/Developer/CommandLineTools/SDKs/MacOSX11.3.sdk -MD -MT CMakeFiles/cmTC_4e462.dir/CheckSymbolExists.c.o -MF CMakeFiles/cmTC_4e462.dir/CheckSymbolExists.c.o.d -o CMakeFiles/cmTC_4e462.dir/CheckSymbolExists.c.o -c /Users/myronphan/cavestory/out/build/CMakeFiles/CMakeTmp/CheckSymbolExists.c
/Users/myronphan/cavestory/out/build/CMakeFiles/CMakeTmp/CheckSymbolExists.c:14:19: error: use of undeclared identifier 'fopen64'; did you mean 'fopen'?
  return ((int*)(&fopen64))[argc];
                  ^~~~~~~
                  fopen
/Library/Developer/CommandLineTools/SDKs/MacOSX11.3.sdk/usr/include/stdio.h:153:7: note: 'fopen' declared here
FILE    *fopen(const char * __restrict __filename, const char * __restrict __mode) __DARWIN_ALIAS_STARTING(__MAC_10_6, __IPHONE_2_0, __DARWIN_ALIAS(fopen));
         ^
1 error generated.
make[1]: *** [CMakeFiles/cmTC_4e462.dir/CheckSymbolExists.c.o] Error 1
make: *** [cmTC_4e462/fast] Error 2


File /Users/myronphan/cavestory/out/build/CMakeFiles/CMakeTmp/CheckSymbolExists.c:
/* */
#include <stddef.h>
#include <stdarg.h>
#include <stdlib.h>
#include <string.h>
#include <stdio.h>
#include <wchar.h>
#include <float.h>

int main(int argc, char** argv)
{
  (void)argv;
#ifndef fopen64
  return ((int*)(&fopen64))[argc];
#else
  (void)argc;
  return 0;
#endif
}
Determining if the fseeko64 exist failed with the following output:
Change Dir: /Users/myronphan/cavestory/out/build/CMakeFiles/CMakeTmp

Run Build Command(s):/usr/bin/make -f Makefile cmTC_7bc6d/fast && /Library/Developer/CommandLineTools/usr/bin/make  -f CMakeFiles/cmTC_7bc6d.dir/build.make CMakeFiles/cmTC_7bc6d.dir/build
Building C object CMakeFiles/cmTC_7bc6d.dir/CheckSymbolExists.c.o
/Library/Developer/CommandLineTools/usr/bin/cc   -idirafter "/Users/myronphan/cavestory/external/SDL2/src/video/khronos"  -isysroot /Library/Developer/CommandLineTools/SDKs/MacOSX11.3.sdk -MD -MT CMakeFiles/cmTC_7bc6d.dir/CheckSymbolExists.c.o -MF CMakeFiles/cmTC_7bc6d.dir/CheckSymbolExists.c.o.d -o CMakeFiles/cmTC_7bc6d.dir/CheckSymbolExists.c.o -c /Users/myronphan/cavestory/out/build/CMakeFiles/CMakeTmp/CheckSymbolExists.c
/Users/myronphan/cavestory/out/build/CMakeFiles/CMakeTmp/CheckSymbolExists.c:14:19: error: use of undeclared identifier 'fseeko64'; did you mean 'fseeko'?
  return ((int*)(&fseeko64))[argc];
                  ^~~~~~~~
                  fseeko
/Library/Developer/CommandLineTools/SDKs/MacOSX11.3.sdk/usr/include/stdio.h:327:6: note: 'fseeko' declared here
int      fseeko(FILE * __stream, off_t __offset, int __whence);
         ^
1 error generated.
make[1]: *** [CMakeFiles/cmTC_7bc6d.dir/CheckSymbolExists.c.o] Error 1
make: *** [cmTC_7bc6d/fast] Error 2


File /Users/myronphan/cavestory/out/build/CMakeFiles/CMakeTmp/CheckSymbolExists.c:
/* */
#include <stddef.h>
#include <stdarg.h>
#include <stdlib.h>
#include <string.h>
#include <stdio.h>
#include <wchar.h>
#include <float.h>

int main(int argc, char** argv)
{
  (void)argv;
#ifndef fseeko64
  return ((int*)(&fseeko64))[argc];
#else
  (void)argc;
  return 0;
#endif
}
Determining if the getauxval exist failed with the following output:
Change Dir: /Users/myronphan/cavestory/out/build/CMakeFiles/CMakeTmp

Run Build Command(s):/usr/bin/make -f Makefile cmTC_8c426/fast && /Library/Developer/CommandLineTools/usr/bin/make  -f CMakeFiles/cmTC_8c426.dir/build.make CMakeFiles/cmTC_8c426.dir/build
Building C object CMakeFiles/cmTC_8c426.dir/CheckSymbolExists.c.o
/Library/Developer/CommandLineTools/usr/bin/cc   -idirafter "/Users/myronphan/cavestory/external/SDL2/src/video/khronos"  -isysroot /Library/Developer/CommandLineTools/SDKs/MacOSX11.3.sdk -MD -MT CMakeFiles/cmTC_8c426.dir/CheckSymbolExists.c.o -MF CMakeFiles/cmTC_8c426.dir/CheckSymbolExists.c.o.d -o CMakeFiles/cmTC_8c426.dir/CheckSymbolExists.c.o -c /Users/myronphan/cavestory/out/build/CMakeFiles/CMakeTmp/CheckSymbolExists.c
/Users/myronphan/cavestory/out/build/CMakeFiles/CMakeTmp/CheckSymbolExists.c:2:10: fatal error: 'sys/auxv.h' file not found
#include <sys/auxv.h>
         ^~~~~~~~~~~~
1 error generated.
make[1]: *** [CMakeFiles/cmTC_8c426.dir/CheckSymbolExists.c.o] Error 1
make: *** [cmTC_8c426/fast] Error 2


File /Users/myronphan/cavestory/out/build/CMakeFiles/CMakeTmp/CheckSymbolExists.c:
/* */
#include <sys/auxv.h>

int main(int argc, char** argv)
{
  (void)argv;
#ifndef getauxval
  return ((int*)(&getauxval))[argc];
#else
  (void)argc;
  return 0;
#endif
}
Determining if the elf_aux_info exist failed with the following output:
Change Dir: /Users/myronphan/cavestory/out/build/CMakeFiles/CMakeTmp

Run Build Command(s):/usr/bin/make -f Makefile cmTC_6a85a/fast && /Library/Developer/CommandLineTools/usr/bin/make  -f CMakeFiles/cmTC_6a85a.dir/build.make CMakeFiles/cmTC_6a85a.dir/build
Building C object CMakeFiles/cmTC_6a85a.dir/CheckSymbolExists.c.o
/Library/Developer/CommandLineTools/usr/bin/cc   -idirafter "/Users/myronphan/cavestory/external/SDL2/src/video/khronos"  -isysroot /Library/Developer/CommandLineTools/SDKs/MacOSX11.3.sdk -MD -MT CMakeFiles/cmTC_6a85a.dir/CheckSymbolExists.c.o -MF CMakeFiles/cmTC_6a85a.dir/CheckSymbolExists.c.o.d -o CMakeFiles/cmTC_6a85a.dir/CheckSymbolExists.c.o -c /Users/myronphan/cavestory/out/build/CMakeFiles/CMakeTmp/CheckSymbolExists.c
/Users/myronphan/cavestory/out/build/CMakeFiles/CMakeTmp/CheckSymbolExists.c:2:10: fatal error: 'sys/auxv.h' file not found
#include <sys/auxv.h>
         ^~~~~~~~~~~~
1 error generated.
make[1]: *** [CMakeFiles/cmTC_6a85a.dir/CheckSymbolExists.c.o] Error 1
make: *** [cmTC_6a85a/fast] Error 2


File /Users/myronphan/cavestory/out/build/CMakeFiles/CMakeTmp/CheckSymbolExists.c:
/* */
#include <sys/auxv.h>

int main(int argc, char** argv)
{
  (void)argv;
#ifndef elf_aux_info
  return ((int*)(&elf_aux_info))[argc];
#else
  (void)argc;
  return 0;
#endif
}
Performing C SOURCE FILE Test HAVE_SEM_TIMEDWAIT failed with the following output:
Change Dir: /Users/myronphan/cavestory/out/build/CMakeFiles/CMakeTmp

Run Build Command(s):/usr/bin/make -f Makefile cmTC_64abb/fast && /Library/Developer/CommandLineTools/usr/bin/make  -f CMakeFiles/cmTC_64abb.dir/build.make CMakeFiles/cmTC_64abb.dir/build
Building C object CMakeFiles/cmTC_64abb.dir/src.c.o
/Library/Developer/CommandLineTools/usr/bin/cc -DHAVE_SEM_TIMEDWAIT  -idirafter "/Users/myronphan/cavestory/external/SDL2/src/video/khronos"  -D_THREAD_SAFE -isysroot /Library/Developer/CommandLineTools/SDKs/MacOSX11.3.sdk -MD -MT CMakeFiles/cmTC_64abb.dir/src.c.o -MF CMakeFiles/cmTC_64abb.dir/src.c.o.d -o CMakeFiles/cmTC_64abb.dir/src.c.o -c /Users/myronphan/cavestory/out/build/CMakeFiles/CMakeTmp/src.c
/Users/myronphan/cavestory/out/build/CMakeFiles/CMakeTmp/src.c:5:19: error: implicit declaration of function 'sem_timedwait' is invalid in C99 [-Werror,-Wimplicit-function-declaration]
                  sem_timedwait(NULL, NULL);
                  ^
/Users/myronphan/cavestory/out/build/CMakeFiles/CMakeTmp/src.c:5:19: note: did you mean 'sem_trywait'?
/Library/Developer/CommandLineTools/SDKs/MacOSX11.3.sdk/usr/include/sys/semaphore.h:58:5: note: 'sem_trywait' declared here
int sem_trywait(sem_t *);
    ^
1 error generated.
make[1]: *** [CMakeFiles/cmTC_64abb.dir/src.c.o] Error 1
make: *** [cmTC_64abb/fast] Error 2


Source file was:

              #include <pthread.h>
              #include <semaphore.h>
              int main(int argc, char **argv) {
                  sem_timedwait(NULL, NULL);
                  return 0;
              }
Determining if files pthread_np.h exist failed with the following output:
Change Dir: /Users/myronphan/cavestory/out/build/CMakeFiles/CMakeTmp

Run Build Command(s):/usr/bin/make -f Makefile cmTC_bd4e1/fast && /Library/Developer/CommandLineTools/usr/bin/make  -f CMakeFiles/cmTC_bd4e1.dir/build.make CMakeFiles/cmTC_bd4e1.dir/build
Building C object CMakeFiles/cmTC_bd4e1.dir/HAVE_PTHREAD_NP_H.c.o
/Library/Developer/CommandLineTools/usr/bin/cc   -idirafter "/Users/myronphan/cavestory/external/SDL2/src/video/khronos"  -D_THREAD_SAFE -isysroot /Library/Developer/CommandLineTools/SDKs/MacOSX11.3.sdk -MD -MT CMakeFiles/cmTC_bd4e1.dir/HAVE_PTHREAD_NP_H.c.o -MF CMakeFiles/cmTC_bd4e1.dir/HAVE_PTHREAD_NP_H.c.o.d -o CMakeFiles/cmTC_bd4e1.dir/HAVE_PTHREAD_NP_H.c.o -c /Users/myronphan/cavestory/out/build/CMakeFiles/CheckIncludeFiles/HAVE_PTHREAD_NP_H.c
/Users/myronphan/cavestory/out/build/CMakeFiles/CheckIncludeFiles/HAVE_PTHREAD_NP_H.c:2:10: fatal error: 'pthread_np.h' file not found
#include <pthread_np.h>
         ^~~~~~~~~~~~~~
1 error generated.
make[1]: *** [CMakeFiles/cmTC_bd4e1.dir/HAVE_PTHREAD_NP_H.c.o] Error 1
make: *** [cmTC_bd4e1/fast] Error 2


Source:
/* */
#include <pthread_np.h>


int main(void){return 0;}

Performing C SOURCE FILE Test HAVE_PTHREAD_SETNAME_NP failed with the following output:
Change Dir: /Users/myronphan/cavestory/out/build/CMakeFiles/CMakeTmp

Run Build Command(s):/usr/bin/make -f Makefile cmTC_639cf/fast && /Library/Developer/CommandLineTools/usr/bin/make  -f CMakeFiles/cmTC_639cf.dir/build.make CMakeFiles/cmTC_639cf.dir/build
Building C object CMakeFiles/cmTC_639cf.dir/src.c.o
/Library/Developer/CommandLineTools/usr/bin/cc -DHAVE_PTHREAD_SETNAME_NP  -idirafter "/Users/myronphan/cavestory/external/SDL2/src/video/khronos"  -D_THREAD_SAFE -isysroot /Library/Developer/CommandLineTools/SDKs/MacOSX11.3.sdk -MD -MT CMakeFiles/cmTC_639cf.dir/src.c.o -MF CMakeFiles/cmTC_639cf.dir/src.c.o.d -o CMakeFiles/cmTC_639cf.dir/src.c.o -c /Users/myronphan/cavestory/out/build/CMakeFiles/CMakeTmp/src.c
/Users/myronphan/cavestory/out/build/CMakeFiles/CMakeTmp/src.c:5:50: error: too many arguments to function call, expected 1, have 2
              pthread_setname_np(pthread_self(), "");
              ~~~~~~~~~~~~~~~~~~                 ^~
/Library/Developer/CommandLineTools/SDKs/MacOSX11.3.sdk/usr/include/pthread.h:510:5: note: 'pthread_setname_np' declared here
int     pthread_setname_np(const char*);
        ^
1 error generated.
make[1]: *** [CMakeFiles/cmTC_639cf.dir/src.c.o] Error 1
make: *** [cmTC_639cf/fast] Error 2


Source file was:

            #define _GNU_SOURCE 1
            #include <pthread.h>
            int main(int argc, char **argv) {
              pthread_setname_np(pthread_self(), "");
              return 0;
            }
